#
# There is insufficient memory for the Java Runtime Environment to continue.
# Native memory allocation (malloc) failed to allocate 364016 bytes. Error detail: Chunk::new
# Possible reasons:
#   The system is out of physical RAM or swap space
#   This process is running with CompressedOops enabled, and the Java Heap may be blocking the growth of the native heap
# Possible solutions:
#   Reduce memory load on the system
#   Increase physical memory or swap space
#   Check if swap backing store is full
#   Decrease Java heap size (-Xmx/-Xms)
#   Decrease number of Java threads
#   Decrease Java thread stack sizes (-Xss)
#   Set larger code cache with -XX:ReservedCodeCacheSize=
#   JVM is running with Unscaled Compressed Oops mode in which the Java heap is
#     placed in the first 4GB address space. The Java Heap base address is the
#     maximum limit for the native heap growth. Please use -XX:HeapBaseMinAddress
#     to set the Java Heap base and to place the Java Heap above 4GB virtual address.
# This output file may be truncated or incomplete.
#
#  Out of Memory Error (arena.cpp:168), pid=25780, tid=16092
#
# JRE version: OpenJDK Runtime Environment Temurin-21.0.8+9 (21.0.8+9) (build 21.0.8+9-LTS)
# Java VM: OpenJDK 64-Bit Server VM Temurin-21.0.8+9 (21.0.8+9-LTS, mixed mode, sharing, tiered, compressed oops, compressed class ptrs, parallel gc, windows-amd64)
# No core dump will be written. Minidumps are not enabled by default on client versions of Windows
#

---------------  S U M M A R Y ------------

Command Line: --add-modules=ALL-SYSTEM --add-opens=java.base/java.util=ALL-UNNAMED --add-opens=java.base/java.lang=ALL-UNNAMED --add-opens=java.base/sun.nio.fs=ALL-UNNAMED -Declipse.application=org.eclipse.jdt.ls.core.id1 -Dosgi.bundles.defaultStartLevel=4 -Declipse.product=org.eclipse.jdt.ls.core.product -Djava.import.generatesMetadataFilesAtProjectRoot=false -DDetectVMInstallationsJob.disabled=true -Dfile.encoding=utf8 -XX:+UseParallelGC -XX:GCTimeRatio=4 -XX:AdaptiveSizePolicyWeight=90 -Dsun.zip.disableMemoryMapping=true -Xmx2G -Xms100m -Xlog:disable -javaagent:c:\Users\HUY HOANG\.vscode\extensions\redhat.java-1.46.0-win32-x64\lombok\lombok-1.18.39-4050.jar -XX:+HeapDumpOnOutOfMemoryError -XX:HeapDumpPath=c:\Users\HUY HOANG\AppData\Roaming\Code\User\workspaceStorage\076b530e855f81254993207e694ec5fa\redhat.java -Daether.dependencyCollector.impl=bf c:\Users\HUY HOANG\.vscode\extensions\redhat.java-1.46.0-win32-x64\server\plugins\org.eclipse.equinox.launcher_1.7.0.v20250519-0528.jar -configuration c:\Users\HUY HOANG\AppData\Roaming\Code\User\globalStorage\redhat.java\1.46.0\config_win -data c:\Users\HUY HOANG\AppData\Roaming\Code\User\workspaceStorage\076b530e855f81254993207e694ec5fa\redhat.java\jdt_ws --pipe=\\.\pipe\lsp-d03c340a6fce23532f258d4c05848d36-sock

Host: AMD Ryzen 5 5500U with Radeon Graphics         , 12 cores, 15G,  Windows 11 , 64 bit Build 26100 (10.0.26100.6725)
Time: Wed Oct 22 00:42:59 2025 SE Asia Standard Time elapsed time: 3029.225953 seconds (0d 0h 50m 29s)

---------------  T H R E A D  ---------------

Current thread (0x000002f066316350):  JavaThread "C2 CompilerThread0" daemon [_thread_in_native, id=16092, stack(0x000000f315a00000,0x000000f315b00000) (1024K)]


Current CompileTask:
C2:3029226 15570       4       org.eclipse.jdt.internal.compiler.lookup.Scope::findMemberType (723 bytes)

Stack: [0x000000f315a00000,0x000000f315b00000]
Native frames: (J=compiled Java code, j=interpreted, Vv=VM code, C=native code)
V  [jvm.dll+0x6d2449]
V  [jvm.dll+0x8ae341]
V  [jvm.dll+0x8b08be]
V  [jvm.dll+0x8b0fa3]
V  [jvm.dll+0x280c96]
V  [jvm.dll+0xc581d]
V  [jvm.dll+0xc5d53]
V  [jvm.dll+0x2f539d]
V  [jvm.dll+0x5fa00a]
V  [jvm.dll+0x252092]
V  [jvm.dll+0x25244f]
V  [jvm.dll+0x24ad14]
V  [jvm.dll+0x2483a4]
V  [jvm.dll+0x1c89ee]
V  [jvm.dll+0x257d4d]
V  [jvm.dll+0x2562ea]
V  [jvm.dll+0x3f2d16]
V  [jvm.dll+0x857e6b]
V  [jvm.dll+0x6d0b0d]
C  [ucrtbase.dll+0x37b0]
C  [KERNEL32.DLL+0x2e8d7]
C  [ntdll.dll+0x8c53c]


---------------  P R O C E S S  ---------------

Threads class SMR info:
_java_thread_list=0x000002f06f01fd70, length=41, elements={
0x000002f04c26ce50, 0x000002f04e5b8380, 0x000002f04e5b96d0, 0x000002f04e5bc7f0,
0x000002f04e5bd7f0, 0x000002f04e5bf900, 0x000002f04e5c4090, 0x000002f066316350,
0x000002f04e5cd4c0, 0x000002f04e582900, 0x000002f06666d680, 0x000002f06c065660,
0x000002f06c17c770, 0x000002f06c1e0570, 0x000002f06c1e0fe0, 0x000002f06c13f1c0,
0x000002f06c7ac4f0, 0x000002f06c6c74d0, 0x000002f06c8c49c0, 0x000002f06667d040,
0x000002f06667e3f0, 0x000002f06667d6d0, 0x000002f06ef046c0, 0x000002f06ef081d0,
0x000002f06ef06e20, 0x000002f06ef08860, 0x000002f06ef06100, 0x000002f06ef074b0,
0x000002f06ef053e0, 0x000002f06ef05a70, 0x000002f06ef08ef0, 0x000002f06ef09580,
0x000002f06ef09c10, 0x000002f06ef06790, 0x000002f06ef0a2a0, 0x000002f06ef0a930,
0x000002f06ef0afc0, 0x000002f06ef0bce0, 0x000002f06d6db360, 0x000002f06d3db800,
0x000002f06d3dbed0
}

Java Threads: ( => current thread )
  0x000002f04c26ce50 JavaThread "main"                              [_thread_blocked, id=10496, stack(0x000000f315000000,0x000000f315100000) (1024K)]
  0x000002f04e5b8380 JavaThread "Reference Handler"          daemon [_thread_blocked, id=20708, stack(0x000000f315400000,0x000000f315500000) (1024K)]
  0x000002f04e5b96d0 JavaThread "Finalizer"                  daemon [_thread_blocked, id=13944, stack(0x000000f315500000,0x000000f315600000) (1024K)]
  0x000002f04e5bc7f0 JavaThread "Signal Dispatcher"          daemon [_thread_blocked, id=31576, stack(0x000000f315600000,0x000000f315700000) (1024K)]
  0x000002f04e5bd7f0 JavaThread "Attach Listener"            daemon [_thread_blocked, id=3916, stack(0x000000f315700000,0x000000f315800000) (1024K)]
  0x000002f04e5bf900 JavaThread "Service Thread"             daemon [_thread_blocked, id=20448, stack(0x000000f315800000,0x000000f315900000) (1024K)]
  0x000002f04e5c4090 JavaThread "Monitor Deflation Thread"   daemon [_thread_blocked, id=12116, stack(0x000000f315900000,0x000000f315a00000) (1024K)]
=>0x000002f066316350 JavaThread "C2 CompilerThread0"         daemon [_thread_in_native, id=16092, stack(0x000000f315a00000,0x000000f315b00000) (1024K)]
  0x000002f04e5cd4c0 JavaThread "C1 CompilerThread0"         daemon [_thread_blocked, id=18320, stack(0x000000f315b00000,0x000000f315c00000) (1024K)]
  0x000002f04e582900 JavaThread "Common-Cleaner"             daemon [_thread_blocked, id=11368, stack(0x000000f315c00000,0x000000f315d00000) (1024K)]
  0x000002f06666d680 JavaThread "Notification Thread"        daemon [_thread_blocked, id=25772, stack(0x000000f315d00000,0x000000f315e00000) (1024K)]
  0x000002f06c065660 JavaThread "Active Thread: Equinox Container: 66b8c9f8-6dfb-40b1-b69b-fbf22bf3efee"        [_thread_blocked, id=2100, stack(0x000000f316600000,0x000000f316700000) (1024K)]
  0x000002f06c17c770 JavaThread "Refresh Thread: Equinox Container: 66b8c9f8-6dfb-40b1-b69b-fbf22bf3efee" daemon [_thread_blocked, id=33080, stack(0x000000f316800000,0x000000f316900000) (1024K)]
  0x000002f06c1e0570 JavaThread "Framework Event Dispatcher: Equinox Container: 66b8c9f8-6dfb-40b1-b69b-fbf22bf3efee" daemon [_thread_blocked, id=6992, stack(0x000000f316900000,0x000000f316a00000) (1024K)]
  0x000002f06c1e0fe0 JavaThread "Start Level: Equinox Container: 66b8c9f8-6dfb-40b1-b69b-fbf22bf3efee" daemon [_thread_blocked, id=33212, stack(0x000000f315f00000,0x000000f316000000) (1024K)]
  0x000002f06c13f1c0 JavaThread "Bundle File Closer"         daemon [_thread_blocked, id=4896, stack(0x000000f316d00000,0x000000f316e00000) (1024K)]
  0x000002f06c7ac4f0 JavaThread "SCR Component Actor"        daemon [_thread_blocked, id=7804, stack(0x000000f315e00000,0x000000f315f00000) (1024K)]
  0x000002f06c6c74d0 JavaThread "Worker-JM"                         [_thread_blocked, id=9872, stack(0x000000f316e00000,0x000000f316f00000) (1024K)]
  0x000002f06c8c49c0 JavaThread "JNA Cleaner"                daemon [_thread_blocked, id=29152, stack(0x000000f316a00000,0x000000f316b00000) (1024K)]
  0x000002f06667d040 JavaThread "Worker-0"                          [_thread_blocked, id=10816, stack(0x000000f316f00000,0x000000f317000000) (1024K)]
  0x000002f06667e3f0 JavaThread "Worker-2: Publish Diagnostics"        [_thread_in_native, id=20664, stack(0x000000f317300000,0x000000f317400000) (1024K)]
  0x000002f06667d6d0 JavaThread "Java indexing"              daemon [_thread_blocked, id=4396, stack(0x000000f317400000,0x000000f317500000) (1024K)]
  0x000002f06ef046c0 JavaThread "Thread-1"                   daemon [_thread_in_native, id=6900, stack(0x000000f317900000,0x000000f317a00000) (1024K)]
  0x000002f06ef081d0 JavaThread "Thread-2"                   daemon [_thread_in_native, id=33724, stack(0x000000f317a00000,0x000000f317b00000) (1024K)]
  0x000002f06ef06e20 JavaThread "Thread-3"                   daemon [_thread_in_native, id=25872, stack(0x000000f317b00000,0x000000f317c00000) (1024K)]
  0x000002f06ef08860 JavaThread "Thread-4"                   daemon [_thread_in_native, id=8008, stack(0x000000f317c00000,0x000000f317d00000) (1024K)]
  0x000002f06ef06100 JavaThread "Thread-5"                   daemon [_thread_in_native, id=6656, stack(0x000000f317d00000,0x000000f317e00000) (1024K)]
  0x000002f06ef074b0 JavaThread "Thread-6"                   daemon [_thread_in_native, id=21876, stack(0x000000f317e00000,0x000000f317f00000) (1024K)]
  0x000002f06ef053e0 JavaThread "Thread-7"                   daemon [_thread_in_native, id=16120, stack(0x000000f317f00000,0x000000f318000000) (1024K)]
  0x000002f06ef05a70 JavaThread "Thread-8"                   daemon [_thread_in_native, id=28216, stack(0x000000f318000000,0x000000f318100000) (1024K)]
  0x000002f06ef08ef0 JavaThread "Thread-9"                   daemon [_thread_in_native, id=19392, stack(0x000000f318100000,0x000000f318200000) (1024K)]
  0x000002f06ef09580 JavaThread "Thread-10"                  daemon [_thread_in_native, id=25508, stack(0x000000f318200000,0x000000f318300000) (1024K)]
  0x000002f06ef09c10 JavaThread "Thread-11"                  daemon [_thread_in_native, id=10332, stack(0x000000f318300000,0x000000f318400000) (1024K)]
  0x000002f06ef06790 JavaThread "Thread-12"                  daemon [_thread_in_native, id=16752, stack(0x000000f318400000,0x000000f318500000) (1024K)]
  0x000002f06ef0a2a0 JavaThread "Thread-13"                  daemon [_thread_in_native, id=21348, stack(0x000000f318500000,0x000000f318600000) (1024K)]
  0x000002f06ef0a930 JavaThread "pool-2-thread-1"                   [_thread_blocked, id=20384, stack(0x000000f318600000,0x000000f318700000) (1024K)]
  0x000002f06ef0afc0 JavaThread "WorkspaceEventsHandler"            [_thread_blocked, id=31124, stack(0x000000f318700000,0x000000f318800000) (1024K)]
  0x000002f06ef0bce0 JavaThread "pool-1-thread-1"                   [_thread_blocked, id=23412, stack(0x000000f318800000,0x000000f318900000) (1024K)]
  0x000002f06d6db360 JavaThread "Worker-6"                          [_thread_blocked, id=12120, stack(0x000000f314d00000,0x000000f314e00000) (1024K)]
  0x000002f06d3db800 JavaThread "C2 CompilerThread1"         daemon [_thread_in_native, id=25964, stack(0x000000f314e00000,0x000000f314f00000) (1024K)]
  0x000002f06d3dbed0 JavaThread "C2 CompilerThread2"         daemon [_thread_in_native, id=26196, stack(0x000000f314f00000,0x000000f315000000) (1024K)]
Total: 41

Other Threads:
  0x000002f064f948b0 VMThread "VM Thread"                           [id=13096, stack(0x000000f315300000,0x000000f315400000) (1024K)]
  0x000002f064e8ca10 WatcherThread "VM Periodic Task Thread"        [id=14160, stack(0x000000f315200000,0x000000f315300000) (1024K)]
  0x000002f04e530070 WorkerThread "GC Thread#0"                     [id=14644, stack(0x000000f315100000,0x000000f315200000) (1024K)]
  0x000002f0679651c0 WorkerThread "GC Thread#1"                     [id=32720, stack(0x000000f316000000,0x000000f316100000) (1024K)]
  0x000002f06741d470 WorkerThread "GC Thread#2"                     [id=13960, stack(0x000000f316100000,0x000000f316200000) (1024K)]
  0x000002f06741d810 WorkerThread "GC Thread#3"                     [id=22180, stack(0x000000f316200000,0x000000f316300000) (1024K)]
  0x000002f06741e1c0 WorkerThread "GC Thread#4"                     [id=32304, stack(0x000000f316300000,0x000000f316400000) (1024K)]
  0x000002f067a3b350 WorkerThread "GC Thread#5"                     [id=20296, stack(0x000000f316400000,0x000000f316500000) (1024K)]
  0x000002f067a3afb0 WorkerThread "GC Thread#6"                     [id=29588, stack(0x000000f316500000,0x000000f316600000) (1024K)]
  0x000002f067a3ba90 WorkerThread "GC Thread#7"                     [id=14280, stack(0x000000f316700000,0x000000f316800000) (1024K)]
  0x000002f067a3b6f0 WorkerThread "GC Thread#8"                     [id=20892, stack(0x000000f316b00000,0x000000f316c00000) (1024K)]
  0x000002f067a3ac10 WorkerThread "GC Thread#9"                     [id=11036, stack(0x000000f316c00000,0x000000f316d00000) (1024K)]
Total: 12

Threads with active compile tasks:
C2 CompilerThread0  3032300 15570       4       org.eclipse.jdt.internal.compiler.lookup.Scope::findMemberType (723 bytes)
C2 CompilerThread1  3032300 15429   !   4       org.eclipse.jdt.internal.core.JavaProject$ModuleLookup::getModule (102 bytes)
C2 CompilerThread2  3032300 15428       4       org.eclipse.jdt.internal.core.JavaProject$ModuleLookup::addTransitive (71 bytes)
Total: 3

VM state: not at safepoint (normal execution)

VM Mutex/Monitor currently owned by a thread: None

Heap address: 0x0000000080000000, size: 2048 MB, Compressed Oops mode: 32-bit

CDS archive(s) mapped at: [0x000002f000000000-0x000002f000ba0000-0x000002f000ba0000), size 12189696, SharedBaseAddress: 0x000002f000000000, ArchiveRelocationMode: 1.
Compressed class space mapped at: 0x000002f001000000-0x000002f041000000, reserved size: 1073741824
Narrow klass base: 0x000002f000000000, Narrow klass shift: 0, Narrow klass range: 0x100000000

GC Precious Log:
 CardTable entry size: 512
 CPUs: 12 total, 12 available
 Memory: 15706M
 Large Page Support: Disabled
 NUMA Support: Disabled
 Compressed Oops: Enabled (32-bit)
 Alignments: Space 512K, Generation 512K, Heap 2M
 Heap Min Capacity: 100M
 Heap Initial Capacity: 100M
 Heap Max Capacity: 2G
 Pre-touch: Disabled
 Parallel Workers: 10

Heap:
 PSYoungGen      total 14848K, used 12526K [0x00000000d5580000, 0x00000000d6800000, 0x0000000100000000)
  eden space 14336K, 83% used [0x00000000d5580000,0x00000000d613e658,0x00000000d6380000)
  from space 512K, 97% used [0x00000000d6580000,0x00000000d65fd200,0x00000000d6600000)
  to   space 2048K, 0% used [0x00000000d6380000,0x00000000d6380000,0x00000000d6580000)
 ParOldGen       total 115712K, used 115459K [0x0000000080000000, 0x0000000087100000, 0x00000000d5580000)
  object space 115712K, 99% used [0x0000000080000000,0x00000000870c0c98,0x0000000087100000)
 Metaspace       used 65920K, committed 67328K, reserved 1114112K
  class space    used 6667K, committed 7296K, reserved 1048576K

Card table byte_map: [0x000002f04dec0000,0x000002f04e2d0000] _byte_map_base: 0x000002f04dac0000

Marking Bits: (ParMarkBitMap*) 0x00007ff81044a340
 Begin Bits: [0x000002f0609b0000, 0x000002f0629b0000)
 End Bits:   [0x000002f0629b0000, 0x000002f0649b0000)

Polling page: 0x000002f04c5f0000

Metaspace:

Usage:
  Non-class:     57.86 MB used.
      Class:      6.51 MB used.
       Both:     64.38 MB used.

Virtual space:
  Non-class space:       64.00 MB reserved,      58.62 MB ( 92%) committed,  1 nodes.
      Class space:        1.00 GB reserved,       7.12 MB ( <1%) committed,  1 nodes.
             Both:        1.06 GB reserved,      65.75 MB (  6%) committed. 

Chunk freelists:
   Non-Class:  4.75 MB
       Class:  8.70 MB
        Both:  13.45 MB

MaxMetaspaceSize: unlimited
CompressedClassSpaceSize: 1.00 GB
Initial GC threshold: 21.00 MB
Current GC threshold: 97.31 MB
CDS: on
 - commit_granule_bytes: 65536.
 - commit_granule_words: 8192.
 - virtual_space_node_default_size: 8388608.
 - enlarge_chunks_in_place: 1.
 - use_allocation_guard: 0.


Internal statistics:

num_allocs_failed_limit: 9.
num_arena_births: 1298.
num_arena_deaths: 22.
num_vsnodes_births: 2.
num_vsnodes_deaths: 0.
num_space_committed: 1052.
num_space_uncommitted: 0.
num_chunks_returned_to_freelist: 34.
num_chunks_taken_from_freelist: 4512.
num_chunk_merges: 18.
num_chunk_splits: 2735.
num_chunks_enlarged: 1502.
num_inconsistent_stats: 0.

CodeHeap 'non-profiled nmethods': size=120000Kb used=12257Kb max_used=12257Kb free=107742Kb
 bounds [0x000002f0591d0000, 0x000002f059dd0000, 0x000002f060700000]
CodeHeap 'profiled nmethods': size=120000Kb used=35213Kb max_used=35213Kb free=84786Kb
 bounds [0x000002f051700000, 0x000002f053970000, 0x000002f058c30000]
CodeHeap 'non-nmethods': size=5760Kb used=1427Kb max_used=1546Kb free=4332Kb
 bounds [0x000002f058c30000, 0x000002f058ea0000, 0x000002f0591d0000]
CodeCache: size=245760Kb, used=48897Kb, max_used=49016Kb, free=196860Kb
 total_blobs=15514, nmethods=14780, adapters=637, full_count=0
Compilation: enabled, stopped_count=0, restarted_count=0

Compilation events (20 events):
Event: 3027.166 Thread 0x000002f04e5cd4c0 15569       2       org.eclipse.jdt.internal.compiler.ast.SingleNameReference::generateAssignment (689 bytes)
Event: 3027.170 Thread 0x000002f04e5cd4c0 nmethod 15569 0x000002f05395b890 code [0x000002f05395bc60, 0x000002f05395cd78]
Event: 3027.170 Thread 0x000002f04e5cd4c0 15575       3       org.eclipse.jdt.internal.compiler.codegen.CodeStream::aload (201 bytes)
Event: 3027.170 Thread 0x000002f04e5cd4c0 nmethod 15575 0x000002f05395d810 code [0x000002f05395da20, 0x000002f05395df00]
Event: 3027.170 Thread 0x000002f04e5cd4c0 15564       3       org.eclipse.jdt.internal.compiler.ast.SingleNameReference::nullAnnotatedVariableBinding (61 bytes)
Event: 3027.170 Thread 0x000002f04e5cd4c0 nmethod 15564 0x000002f05395e110 code [0x000002f05395e2e0, 0x000002f05395e6d8]
Event: 3027.170 Thread 0x000002f04e5cd4c0 15559       3       org.eclipse.jdt.internal.compiler.lookup.SyntheticMethodBinding::nextSmbIndex (33 bytes)
Event: 3027.171 Thread 0x000002f04e5cd4c0 nmethod 15559 0x000002f05395e810 code [0x000002f05395e9e0, 0x000002f05395ed40]
Event: 3027.171 Thread 0x000002f04e5cd4c0 15576       3       org.eclipse.jdt.internal.compiler.codegen.CodeStream::store (442 bytes)
Event: 3027.172 Thread 0x000002f04e5cd4c0 nmethod 15576 0x000002f05395ee90 code [0x000002f05395f340, 0x000002f0539614a0]
Event: 3027.173 Thread 0x000002f04e5cd4c0 15577       2       sun.util.calendar.BaseCalendar$Date::hit (24 bytes)
Event: 3027.174 Thread 0x000002f04e5cd4c0 nmethod 15577 0x000002f053961990 code [0x000002f053961b20, 0x000002f053961c58]
Event: 3027.174 Thread 0x000002f04e5cd4c0 15578       2       sun.util.calendar.BaseCalendar::getDayOfWeekFromFixedDate (26 bytes)
Event: 3027.174 Thread 0x000002f04e5cd4c0 nmethod 15578 0x000002f053961d10 code [0x000002f053961ec0, 0x000002f053962040]
Event: 3027.202 Thread 0x000002f04e5cd4c0 15579       2       org.eclipse.jdt.internal.compiler.problem.ProblemReporter::missingNonNullByDefaultAnnotation (153 bytes)
Event: 3027.203 Thread 0x000002f04e5cd4c0 nmethod 15579 0x000002f053962110 code [0x000002f053962380, 0x000002f053962cb8]
Event: 3027.206 Thread 0x000002f04e5cd4c0 15581       2       org.eclipse.jdt.internal.core.SourceTypeElementInfo::getName (13 bytes)
Event: 3027.206 Thread 0x000002f04e5cd4c0 nmethod 15581 0x000002f053963210 code [0x000002f0539633e0, 0x000002f0539635a8]
Event: 3027.206 Thread 0x000002f04e5cd4c0 15580       1       org.eclipse.jdt.internal.core.SourceTypeElementInfo::isAnonymousMember (2 bytes)
Event: 3027.207 Thread 0x000002f04e5cd4c0 nmethod 15580 0x000002f059dc8190 code [0x000002f059dc8320, 0x000002f059dc83e8]

GC Heap History (20 events):
Event: 3024.449 GC heap before
{Heap before GC invocations=138 (full 3):
 PSYoungGen      total 15360K, used 15059K [0x00000000d5580000, 0x00000000d6600000, 0x0000000100000000)
  eden space 14848K, 99% used [0x00000000d5580000,0x00000000d63fcde8,0x00000000d6400000)
  from space 512K, 43% used [0x00000000d6580000,0x00000000d65b8000,0x00000000d6600000)
  to   space 1024K, 0% used [0x00000000d6400000,0x00000000d6400000,0x00000000d6500000)
 ParOldGen       total 110592K, used 110159K [0x0000000080000000, 0x0000000086c00000, 0x00000000d5580000)
  object space 110592K, 99% used [0x0000000080000000,0x0000000086b93dd0,0x0000000086c00000)
 Metaspace       used 65769K, committed 67200K, reserved 1114112K
  class space    used 6667K, committed 7296K, reserved 1048576K
}
Event: 3024.450 GC heap after
{Heap after GC invocations=138 (full 3):
 PSYoungGen      total 15872K, used 256K [0x00000000d5580000, 0x00000000d6600000, 0x0000000100000000)
  eden space 14848K, 0% used [0x00000000d5580000,0x00000000d5580000,0x00000000d6400000)
  from space 1024K, 25% used [0x00000000d6400000,0x00000000d6440000,0x00000000d6500000)
  to   space 512K, 0% used [0x00000000d6580000,0x00000000d6580000,0x00000000d6600000)
 ParOldGen       total 110592K, used 110167K [0x0000000080000000, 0x0000000086c00000, 0x00000000d5580000)
  object space 110592K, 99% used [0x0000000080000000,0x0000000086b95dd0,0x0000000086c00000)
 Metaspace       used 65769K, committed 67200K, reserved 1114112K
  class space    used 6667K, committed 7296K, reserved 1048576K
}
Event: 3024.526 GC heap before
{Heap before GC invocations=139 (full 3):
 PSYoungGen      total 15872K, used 15104K [0x00000000d5580000, 0x00000000d6600000, 0x0000000100000000)
  eden space 14848K, 100% used [0x00000000d5580000,0x00000000d6400000,0x00000000d6400000)
  from space 1024K, 25% used [0x00000000d6400000,0x00000000d6440000,0x00000000d6500000)
  to   space 512K, 0% used [0x00000000d6580000,0x00000000d6580000,0x00000000d6600000)
 ParOldGen       total 110592K, used 110167K [0x0000000080000000, 0x0000000086c00000, 0x00000000d5580000)
  object space 110592K, 99% used [0x0000000080000000,0x0000000086b95dd0,0x0000000086c00000)
 Metaspace       used 65777K, committed 67264K, reserved 1114112K
  class space    used 6667K, committed 7296K, reserved 1048576K
}
Event: 3024.529 GC heap after
{Heap after GC invocations=139 (full 3):
 PSYoungGen      total 15360K, used 506K [0x00000000d5580000, 0x00000000d6700000, 0x0000000100000000)
  eden space 14848K, 0% used [0x00000000d5580000,0x00000000d5580000,0x00000000d6400000)
  from space 512K, 98% used [0x00000000d6580000,0x00000000d65fe900,0x00000000d6600000)
  to   space 1536K, 0% used [0x00000000d6400000,0x00000000d6400000,0x00000000d6580000)
 ParOldGen       total 111104K, used 110624K [0x0000000080000000, 0x0000000086c80000, 0x00000000d5580000)
  object space 111104K, 99% used [0x0000000080000000,0x0000000086c08300,0x0000000086c80000)
 Metaspace       used 65777K, committed 67264K, reserved 1114112K
  class space    used 6667K, committed 7296K, reserved 1048576K
}
Event: 3024.597 GC heap before
{Heap before GC invocations=140 (full 3):
 PSYoungGen      total 15360K, used 15354K [0x00000000d5580000, 0x00000000d6700000, 0x0000000100000000)
  eden space 14848K, 100% used [0x00000000d5580000,0x00000000d6400000,0x00000000d6400000)
  from space 512K, 98% used [0x00000000d6580000,0x00000000d65fe900,0x00000000d6600000)
  to   space 1536K, 0% used [0x00000000d6400000,0x00000000d6400000,0x00000000d6580000)
 ParOldGen       total 111104K, used 110624K [0x0000000080000000, 0x0000000086c80000, 0x00000000d5580000)
  object space 111104K, 99% used [0x0000000080000000,0x0000000086c08300,0x0000000086c80000)
 Metaspace       used 65782K, committed 67264K, reserved 1114112K
  class space    used 6667K, committed 7296K, reserved 1048576K
}
Event: 3024.600 GC heap after
{Heap after GC invocations=140 (full 3):
 PSYoungGen      total 16384K, used 1524K [0x00000000d5580000, 0x00000000d6900000, 0x0000000100000000)
  eden space 14848K, 0% used [0x00000000d5580000,0x00000000d5580000,0x00000000d6400000)
  from space 1536K, 99% used [0x00000000d6400000,0x00000000d657d200,0x00000000d6580000)
  to   space 2560K, 0% used [0x00000000d6680000,0x00000000d6680000,0x00000000d6900000)
 ParOldGen       total 111616K, used 111263K [0x0000000080000000, 0x0000000086d00000, 0x00000000d5580000)
  object space 111616K, 99% used [0x0000000080000000,0x0000000086ca7c68,0x0000000086d00000)
 Metaspace       used 65782K, committed 67264K, reserved 1114112K
  class space    used 6667K, committed 7296K, reserved 1048576K
}
Event: 3024.686 GC heap before
{Heap before GC invocations=141 (full 3):
 PSYoungGen      total 16384K, used 16372K [0x00000000d5580000, 0x00000000d6900000, 0x0000000100000000)
  eden space 14848K, 100% used [0x00000000d5580000,0x00000000d6400000,0x00000000d6400000)
  from space 1536K, 99% used [0x00000000d6400000,0x00000000d657d200,0x00000000d6580000)
  to   space 2560K, 0% used [0x00000000d6680000,0x00000000d6680000,0x00000000d6900000)
 ParOldGen       total 111616K, used 111263K [0x0000000080000000, 0x0000000086d00000, 0x00000000d5580000)
  object space 111616K, 99% used [0x0000000080000000,0x0000000086ca7c68,0x0000000086d00000)
 Metaspace       used 65795K, committed 67264K, reserved 1114112K
  class space    used 6667K, committed 7296K, reserved 1048576K
}
Event: 3024.689 GC heap after
{Heap after GC invocations=141 (full 3):
 PSYoungGen      total 16384K, used 1220K [0x00000000d5580000, 0x00000000d6800000, 0x0000000100000000)
  eden space 14848K, 0% used [0x00000000d5580000,0x00000000d5580000,0x00000000d6400000)
  from space 1536K, 79% used [0x00000000d6680000,0x00000000d67b1210,0x00000000d6800000)
  to   space 2048K, 0% used [0x00000000d6400000,0x00000000d6400000,0x00000000d6600000)
 ParOldGen       total 113152K, used 112750K [0x0000000080000000, 0x0000000086e80000, 0x00000000d5580000)
  object space 113152K, 99% used [0x0000000080000000,0x0000000086e1b960,0x0000000086e80000)
 Metaspace       used 65795K, committed 67264K, reserved 1114112K
  class space    used 6667K, committed 7296K, reserved 1048576K
}
Event: 3024.763 GC heap before
{Heap before GC invocations=142 (full 3):
 PSYoungGen      total 16384K, used 16068K [0x00000000d5580000, 0x00000000d6800000, 0x0000000100000000)
  eden space 14848K, 100% used [0x00000000d5580000,0x00000000d6400000,0x00000000d6400000)
  from space 1536K, 79% used [0x00000000d6680000,0x00000000d67b1210,0x00000000d6800000)
  to   space 2048K, 0% used [0x00000000d6400000,0x00000000d6400000,0x00000000d6600000)
 ParOldGen       total 113152K, used 112750K [0x0000000080000000, 0x0000000086e80000, 0x00000000d5580000)
  object space 113152K, 99% used [0x0000000080000000,0x0000000086e1b960,0x0000000086e80000)
 Metaspace       used 65821K, committed 67264K, reserved 1114112K
  class space    used 6667K, committed 7296K, reserved 1048576K
}
Event: 3024.766 GC heap after
{Heap after GC invocations=142 (full 3):
 PSYoungGen      total 16896K, used 618K [0x00000000d5580000, 0x00000000d6700000, 0x0000000100000000)
  eden space 14848K, 0% used [0x00000000d5580000,0x00000000d5580000,0x00000000d6400000)
  from space 2048K, 30% used [0x00000000d6400000,0x00000000d649a910,0x00000000d6600000)
  to   space 1024K, 0% used [0x00000000d6600000,0x00000000d6600000,0x00000000d6700000)
 ParOldGen       total 113664K, used 113350K [0x0000000080000000, 0x0000000086f00000, 0x00000000d5580000)
  object space 113664K, 99% used [0x0000000080000000,0x0000000086eb1980,0x0000000086f00000)
 Metaspace       used 65821K, committed 67264K, reserved 1114112K
  class space    used 6667K, committed 7296K, reserved 1048576K
}
Event: 3024.858 GC heap before
{Heap before GC invocations=143 (full 3):
 PSYoungGen      total 16896K, used 15466K [0x00000000d5580000, 0x00000000d6700000, 0x0000000100000000)
  eden space 14848K, 100% used [0x00000000d5580000,0x00000000d6400000,0x00000000d6400000)
  from space 2048K, 30% used [0x00000000d6400000,0x00000000d649a910,0x00000000d6600000)
  to   space 1024K, 0% used [0x00000000d6600000,0x00000000d6600000,0x00000000d6700000)
 ParOldGen       total 113664K, used 113350K [0x0000000080000000, 0x0000000086f00000, 0x00000000d5580000)
  object space 113664K, 99% used [0x0000000080000000,0x0000000086eb1980,0x0000000086f00000)
 Metaspace       used 65851K, committed 67328K, reserved 1114112K
  class space    used 6667K, committed 7296K, reserved 1048576K
}
Event: 3024.861 GC heap after
{Heap after GC invocations=143 (full 3):
 PSYoungGen      total 15872K, used 1018K [0x00000000d5580000, 0x00000000d6800000, 0x0000000100000000)
  eden space 14848K, 0% used [0x00000000d5580000,0x00000000d5580000,0x00000000d6400000)
  from space 1024K, 99% used [0x00000000d6600000,0x00000000d66fe900,0x00000000d6700000)
  to   space 2048K, 0% used [0x00000000d6400000,0x00000000d6400000,0x00000000d6600000)
 ParOldGen       total 114176K, used 113866K [0x0000000080000000, 0x0000000086f80000, 0x00000000d5580000)
  object space 114176K, 99% used [0x0000000080000000,0x0000000086f32bb0,0x0000000086f80000)
 Metaspace       used 65851K, committed 67328K, reserved 1114112K
  class space    used 6667K, committed 7296K, reserved 1048576K
}
Event: 3025.980 GC heap before
{Heap before GC invocations=144 (full 3):
 PSYoungGen      total 15872K, used 15866K [0x00000000d5580000, 0x00000000d6800000, 0x0000000100000000)
  eden space 14848K, 100% used [0x00000000d5580000,0x00000000d6400000,0x00000000d6400000)
  from space 1024K, 99% used [0x00000000d6600000,0x00000000d66fe900,0x00000000d6700000)
  to   space 2048K, 0% used [0x00000000d6400000,0x00000000d6400000,0x00000000d6600000)
 ParOldGen       total 114176K, used 113866K [0x0000000080000000, 0x0000000086f80000, 0x00000000d5580000)
  object space 114176K, 99% used [0x0000000080000000,0x0000000086f32bb0,0x0000000086f80000)
 Metaspace       used 65854K, committed 67328K, reserved 1114112K
  class space    used 6667K, committed 7296K, reserved 1048576K
}
Event: 3026.990 GC heap after
{Heap after GC invocations=144 (full 3):
 PSYoungGen      total 15360K, used 468K [0x00000000d5580000, 0x00000000d6680000, 0x0000000100000000)
  eden space 14848K, 0% used [0x00000000d5580000,0x00000000d5580000,0x00000000d6400000)
  from space 512K, 91% used [0x00000000d6400000,0x00000000d6475200,0x00000000d6480000)
  to   space 1024K, 0% used [0x00000000d6580000,0x00000000d6580000,0x00000000d6680000)
 ParOldGen       total 114688K, used 114360K [0x0000000080000000, 0x0000000087000000, 0x00000000d5580000)
  object space 114688K, 99% used [0x0000000080000000,0x0000000086fae330,0x0000000087000000)
 Metaspace       used 65854K, committed 67328K, reserved 1114112K
  class space    used 6667K, committed 7296K, reserved 1048576K
}
Event: 3027.051 GC heap before
{Heap before GC invocations=145 (full 3):
 PSYoungGen      total 15360K, used 15316K [0x00000000d5580000, 0x00000000d6680000, 0x0000000100000000)
  eden space 14848K, 100% used [0x00000000d5580000,0x00000000d6400000,0x00000000d6400000)
  from space 512K, 91% used [0x00000000d6400000,0x00000000d6475200,0x00000000d6480000)
  to   space 1024K, 0% used [0x00000000d6580000,0x00000000d6580000,0x00000000d6680000)
 ParOldGen       total 114688K, used 114360K [0x0000000080000000, 0x0000000087000000, 0x00000000d5580000)
  object space 114688K, 99% used [0x0000000080000000,0x0000000086fae330,0x0000000087000000)
 Metaspace       used 65887K, committed 67328K, reserved 1114112K
  class space    used 6667K, committed 7296K, reserved 1048576K
}
Event: 3027.052 GC heap after
{Heap after GC invocations=145 (full 3):
 PSYoungGen      total 15872K, used 618K [0x00000000d5580000, 0x00000000d6680000, 0x0000000100000000)
  eden space 14848K, 0% used [0x00000000d5580000,0x00000000d5580000,0x00000000d6400000)
  from space 1024K, 60% used [0x00000000d6580000,0x00000000d661a910,0x00000000d6680000)
  to   space 1024K, 0% used [0x00000000d6480000,0x00000000d6480000,0x00000000d6580000)
 ParOldGen       total 114688K, used 114400K [0x0000000080000000, 0x0000000087000000, 0x00000000d5580000)
  object space 114688K, 99% used [0x0000000080000000,0x0000000086fb8330,0x0000000087000000)
 Metaspace       used 65887K, committed 67328K, reserved 1114112K
  class space    used 6667K, committed 7296K, reserved 1048576K
}
Event: 3027.101 GC heap before
{Heap before GC invocations=146 (full 3):
 PSYoungGen      total 15872K, used 15466K [0x00000000d5580000, 0x00000000d6680000, 0x0000000100000000)
  eden space 14848K, 100% used [0x00000000d5580000,0x00000000d6400000,0x00000000d6400000)
  from space 1024K, 60% used [0x00000000d6580000,0x00000000d661a910,0x00000000d6680000)
  to   space 1024K, 0% used [0x00000000d6480000,0x00000000d6480000,0x00000000d6580000)
 ParOldGen       total 114688K, used 114400K [0x0000000080000000, 0x0000000087000000, 0x00000000d5580000)
  object space 114688K, 99% used [0x0000000080000000,0x0000000086fb8330,0x0000000087000000)
 Metaspace       used 65894K, committed 67328K, reserved 1114112K
  class space    used 6667K, committed 7296K, reserved 1048576K
}
Event: 3027.103 GC heap after
{Heap after GC invocations=146 (full 3):
 PSYoungGen      total 15872K, used 644K [0x00000000d5580000, 0x00000000d6600000, 0x0000000100000000)
  eden space 14848K, 0% used [0x00000000d5580000,0x00000000d5580000,0x00000000d6400000)
  from space 1024K, 62% used [0x00000000d6480000,0x00000000d6521210,0x00000000d6580000)
  to   space 512K, 0% used [0x00000000d6580000,0x00000000d6580000,0x00000000d6600000)
 ParOldGen       total 114688K, used 114432K [0x0000000080000000, 0x0000000087000000, 0x00000000d5580000)
  object space 114688K, 99% used [0x0000000080000000,0x0000000086fc0330,0x0000000087000000)
 Metaspace       used 65894K, committed 67328K, reserved 1114112K
  class space    used 6667K, committed 7296K, reserved 1048576K
}
Event: 3027.150 GC heap before
{Heap before GC invocations=147 (full 3):
 PSYoungGen      total 15872K, used 15492K [0x00000000d5580000, 0x00000000d6600000, 0x0000000100000000)
  eden space 14848K, 100% used [0x00000000d5580000,0x00000000d6400000,0x00000000d6400000)
  from space 1024K, 62% used [0x00000000d6480000,0x00000000d6521210,0x00000000d6580000)
  to   space 512K, 0% used [0x00000000d6580000,0x00000000d6580000,0x00000000d6600000)
 ParOldGen       total 114688K, used 114432K [0x0000000080000000, 0x0000000087000000, 0x00000000d5580000)
  object space 114688K, 99% used [0x0000000080000000,0x0000000086fc0330,0x0000000087000000)
 Metaspace       used 65905K, committed 67328K, reserved 1114112K
  class space    used 6667K, committed 7296K, reserved 1048576K
}
Event: 3027.152 GC heap after
{Heap after GC invocations=147 (full 3):
 PSYoungGen      total 14848K, used 500K [0x00000000d5580000, 0x00000000d6800000, 0x0000000100000000)
  eden space 14336K, 0% used [0x00000000d5580000,0x00000000d5580000,0x00000000d6380000)
  from space 512K, 97% used [0x00000000d6580000,0x00000000d65fd200,0x00000000d6600000)
  to   space 2048K, 0% used [0x00000000d6380000,0x00000000d6380000,0x00000000d6580000)
 ParOldGen       total 115712K, used 115459K [0x0000000080000000, 0x0000000087100000, 0x00000000d5580000)
  object space 115712K, 99% used [0x0000000080000000,0x00000000870c0c98,0x0000000087100000)
 Metaspace       used 65905K, committed 67328K, reserved 1114112K
  class space    used 6667K, committed 7296K, reserved 1048576K
}

Dll operation events (10 events):
Event: 0.019 Loaded shared library c:\Users\HUY HOANG\.vscode\extensions\redhat.java-1.46.0-win32-x64\jre\21.0.8-win32-x86_64\bin\java.dll
Event: 0.157 Loaded shared library c:\Users\HUY HOANG\.vscode\extensions\redhat.java-1.46.0-win32-x64\jre\21.0.8-win32-x86_64\bin\zip.dll
Event: 0.196 Loaded shared library C:\Users\HUY HOANG\.vscode\extensions\redhat.java-1.46.0-win32-x64\jre\21.0.8-win32-x86_64\bin\instrument.dll
Event: 0.205 Loaded shared library C:\Users\HUY HOANG\.vscode\extensions\redhat.java-1.46.0-win32-x64\jre\21.0.8-win32-x86_64\bin\net.dll
Event: 0.209 Loaded shared library C:\Users\HUY HOANG\.vscode\extensions\redhat.java-1.46.0-win32-x64\jre\21.0.8-win32-x86_64\bin\nio.dll
Event: 0.214 Loaded shared library C:\Users\HUY HOANG\.vscode\extensions\redhat.java-1.46.0-win32-x64\jre\21.0.8-win32-x86_64\bin\zip.dll
Event: 0.247 Loaded shared library C:\Users\HUY HOANG\.vscode\extensions\redhat.java-1.46.0-win32-x64\jre\21.0.8-win32-x86_64\bin\jimage.dll
Event: 0.397 Loaded shared library c:\Users\HUY HOANG\.vscode\extensions\redhat.java-1.46.0-win32-x64\jre\21.0.8-win32-x86_64\bin\verify.dll
Event: 2.744 Loaded shared library C:\Users\HUY HOANG\AppData\Roaming\Code\User\globalStorage\redhat.java\1.46.0\config_win\org.eclipse.equinox.launcher\org.eclipse.equinox.launcher.win32.win32.x86_64_1.2.1400.v20250801-0854\eclipse_11916.dll
Event: 5.588 Loaded shared library C:\Users\HUY HOANG\AppData\Local\Temp\jna--809218273\jna4720975596559529535.dll

Deoptimization events (20 events):
Event: 3024.427 Thread 0x000002f06667e3f0 DEOPT PACKING pc=0x000002f059cbf52c sp=0x000000f3173fdaf0
Event: 3024.427 Thread 0x000002f06667e3f0 DEOPT UNPACKING pc=0x000002f058c83aa2 sp=0x000000f3173fdab0 mode 2
Event: 3024.443 Thread 0x000002f06667e3f0 Uncommon trap: trap_request=0xffffffde fr.pc=0x000002f059cbf52c relative=0x00000000000005cc
Event: 3024.443 Thread 0x000002f06667e3f0 Uncommon trap: reason=class_check action=maybe_recompile pc=0x000002f059cbf52c method=java.util.stream.ReferencePipeline.toArray(Ljava/util/function/IntFunction;)[Ljava/lang/Object; @ 12 c2
Event: 3024.443 Thread 0x000002f06667e3f0 DEOPT PACKING pc=0x000002f059cbf52c sp=0x000000f3173fe6d0
Event: 3024.443 Thread 0x000002f06667e3f0 DEOPT UNPACKING pc=0x000002f058c83aa2 sp=0x000000f3173fe690 mode 2
Event: 3024.478 Thread 0x000002f06667e3f0 Uncommon trap: trap_request=0xffffffde fr.pc=0x000002f059cbf52c relative=0x00000000000005cc
Event: 3024.478 Thread 0x000002f06667e3f0 Uncommon trap: reason=class_check action=maybe_recompile pc=0x000002f059cbf52c method=java.util.stream.ReferencePipeline.toArray(Ljava/util/function/IntFunction;)[Ljava/lang/Object; @ 12 c2
Event: 3024.478 Thread 0x000002f06667e3f0 DEOPT PACKING pc=0x000002f059cbf52c sp=0x000000f3173fdaf0
Event: 3024.478 Thread 0x000002f06667e3f0 DEOPT UNPACKING pc=0x000002f058c83aa2 sp=0x000000f3173fdab0 mode 2
Event: 3024.594 Thread 0x000002f06667e3f0 DEOPT PACKING pc=0x000002f052c4c27a sp=0x000000f3173fe050
Event: 3024.594 Thread 0x000002f06667e3f0 DEOPT UNPACKING pc=0x000002f058c84242 sp=0x000000f3173fd4c8 mode 0
Event: 3024.797 Thread 0x000002f06667e3f0 DEOPT PACKING pc=0x000002f0531836d1 sp=0x000000f3173feb00
Event: 3024.797 Thread 0x000002f06667e3f0 DEOPT UNPACKING pc=0x000002f058c84242 sp=0x000000f3173fdfa0 mode 0
Event: 3024.950 Thread 0x000002f06667e3f0 Uncommon trap: trap_request=0xffffff6e fr.pc=0x000002f059da2dd0 relative=0x00000000000015f0
Event: 3025.946 Thread 0x000002f06667e3f0 Uncommon trap: reason=loop_limit_check action=maybe_recompile pc=0x000002f059da2dd0 method=org.eclipse.jdt.internal.compiler.lookup.BlockScope.findLocalType([C)Lorg/eclipse/jdt/internal/compiler/lookup/ReferenceBinding; @ 79 c2
Event: 3025.962 Thread 0x000002f06667e3f0 DEOPT PACKING pc=0x000002f059da2dd0 sp=0x000000f3173fe5d0
Event: 3025.962 Thread 0x000002f06667e3f0 DEOPT UNPACKING pc=0x000002f058c83aa2 sp=0x000000f3173fe4a0 mode 2
Event: 3027.094 Thread 0x000002f06667e3f0 DEOPT PACKING pc=0x000002f052c4c27a sp=0x000000f3173fe6a0
Event: 3027.094 Thread 0x000002f06667e3f0 DEOPT UNPACKING pc=0x000002f058c84242 sp=0x000000f3173fdb18 mode 0

Classes loaded (20 events):
Event: 1204.302 Loading class java/nio/charset/CharacterCodingException
Event: 1204.302 Loading class java/nio/charset/CharacterCodingException done
Event: 1204.302 Loading class java/io/SequenceInputStream
Event: 1204.303 Loading class java/io/SequenceInputStream done
Event: 1204.359 Loading class java/util/WeakHashMap$KeyIterator
Event: 1204.360 Loading class java/util/WeakHashMap$KeyIterator done
Event: 1208.225 Loading class java/lang/StringUTF16$LinesSpliterator
Event: 1208.226 Loading class java/lang/StringUTF16$LinesSpliterator done
Event: 1208.228 Loading class java/lang/StringLatin1$LinesSpliterator
Event: 1208.228 Loading class java/lang/StringLatin1$LinesSpliterator done
Event: 1210.203 Loading class java/util/stream/ReduceOps$4
Event: 1210.203 Loading class java/util/stream/ReduceOps$4 done
Event: 1210.203 Loading class java/util/stream/ReduceOps$4ReducingSink
Event: 1210.203 Loading class java/util/stream/ReduceOps$4ReducingSink done
Event: 2270.135 Loading class java/util/stream/DistinctOps
Event: 2270.135 Loading class java/util/stream/DistinctOps done
Event: 2270.135 Loading class java/util/stream/DistinctOps$1
Event: 2270.135 Loading class java/util/stream/DistinctOps$1 done
Event: 2270.140 Loading class java/util/stream/DistinctOps$1$2
Event: 2270.140 Loading class java/util/stream/DistinctOps$1$2 done

Classes unloaded (11 events):
Event: 7.046 Thread 0x000002f064f948b0 Unloading class 0x000002f0011a8c00 'java/lang/invoke/LambdaForm$MH+0x000002f0011a8c00'
Event: 7.046 Thread 0x000002f064f948b0 Unloading class 0x000002f0011a8800 'java/lang/invoke/LambdaForm$MH+0x000002f0011a8800'
Event: 7.046 Thread 0x000002f064f948b0 Unloading class 0x000002f0011a8400 'java/lang/invoke/LambdaForm$MH+0x000002f0011a8400'
Event: 7.046 Thread 0x000002f064f948b0 Unloading class 0x000002f0011a8000 'java/lang/invoke/LambdaForm$MH+0x000002f0011a8000'
Event: 7.046 Thread 0x000002f064f948b0 Unloading class 0x000002f0011a7c00 'java/lang/invoke/LambdaForm$BMH+0x000002f0011a7c00'
Event: 7.046 Thread 0x000002f064f948b0 Unloading class 0x000002f0011a7800 'java/lang/invoke/LambdaForm$DMH+0x000002f0011a7800'
Event: 7.046 Thread 0x000002f064f948b0 Unloading class 0x000002f0011a6400 'java/lang/invoke/LambdaForm$DMH+0x000002f0011a6400'
Event: 22.887 Thread 0x000002f064f948b0 Unloading class 0x000002f001615400 'java/lang/invoke/LambdaForm$DMH+0x000002f001615400'
Event: 22.887 Thread 0x000002f064f948b0 Unloading class 0x000002f001614400 'java/lang/invoke/LambdaForm$DMH+0x000002f001614400'
Event: 22.887 Thread 0x000002f064f948b0 Unloading class 0x000002f001614c00 'java/lang/invoke/LambdaForm$DMH+0x000002f001614c00'
Event: 22.887 Thread 0x000002f064f948b0 Unloading class 0x000002f001615000 'java/lang/invoke/LambdaForm$DMH+0x000002f001615000'

Classes redefined (0 events):
No events

Internal exceptions (20 events):
Event: 20.324 Thread 0x000002f06667e3f0 Exception <a 'sun/nio/fs/WindowsException'{0x00000000d65f0370}> (0x00000000d65f0370) 
thrown [s\src\hotspot\share\prims\jni.cpp, line 520]
Event: 20.324 Thread 0x000002f06667e3f0 Exception <a 'sun/nio/fs/WindowsException'{0x00000000d65f0c70}> (0x00000000d65f0c70) 
thrown [s\src\hotspot\share\prims\jni.cpp, line 520]
Event: 20.741 Thread 0x000002f06667e3f0 Exception <a 'java/lang/NoSuchMethodError'{0x00000000d5c0da10}: 'java.lang.Object java.lang.invoke.DirectMethodHandle$Holder.invokeSpecial(java.lang.Object, java.lang.Object, int, long)'> (0x00000000d5c0da10) 
thrown [s\src\hotspot\share\interpreter\linkResolver.cpp, line 773]
Event: 22.448 Thread 0x000002f06667e3f0 Exception <a 'java/lang/NoSuchMethodError'{0x00000000d6092b18}: 'java.lang.Object java.lang.invoke.DirectMethodHandle$Holder.invokeStatic(java.lang.Object, java.lang.Object, int, java.lang.Object)'> (0x00000000d6092b18) 
thrown [s\src\hotspot\share\interpreter\linkResolver.cpp, line 773]
Event: 22.449 Thread 0x000002f06667e3f0 Exception <a 'java/lang/NoSuchMethodError'{0x00000000d6099148}: 'java.lang.Object java.lang.invoke.DirectMethodHandle$Holder.newInvokeSpecial(java.lang.Object, java.lang.Object, int)'> (0x00000000d6099148) 
thrown [s\src\hotspot\share\interpreter\linkResolver.cpp, line 773]
Event: 22.509 Thread 0x000002f06667e3f0 Implicit null exception at 0x000002f0597af3a7 to 0x000002f0597af73c
Event: 22.747 Thread 0x000002f06667e3f0 Exception <a 'java/lang/NoSuchMethodError'{0x00000000d6884638}: 'java.lang.Object java.lang.invoke.DirectMethodHandle$Holder.invokeStatic(java.lang.Object, java.lang.Object, int, int)'> (0x00000000d6884638) 
thrown [s\src\hotspot\share\interpreter\linkResolver.cpp, line 773]
Event: 22.748 Thread 0x000002f06667e3f0 Exception <a 'java/lang/NoSuchMethodError'{0x00000000d6888698}: 'java.lang.Object java.lang.invoke.DirectMethodHandle$Holder.invokeSpecial(java.lang.Object, java.lang.Object, java.lang.Object, int, int)'> (0x00000000d6888698) 
thrown [s\src\hotspot\share\interpreter\linkResolver.cpp, line 773]
Event: 60.394 Thread 0x000002f06ef0bce0 Exception <a 'java/lang/IncompatibleClassChangeError'{0x00000000d61fa148}: Found class java.lang.Object, but interface was expected> (0x00000000d61fa148) 
thrown [s\src\hotspot\share\interpreter\linkResolver.cpp, line 840]
Event: 1204.315 Thread 0x000002f06ef0bce0 Exception <a 'java/io/FileNotFoundException'{0x00000000d68a7f38}> (0x00000000d68a7f38) 
thrown [s\src\hotspot\share\prims\jni.cpp, line 520]
Event: 1204.316 Thread 0x000002f06ef0bce0 Exception <a 'java/io/FileNotFoundException'{0x00000000d68a91b0}> (0x00000000d68a91b0) 
thrown [s\src\hotspot\share\prims\jni.cpp, line 520]
Event: 1208.008 Thread 0x000002f06ef0bce0 Implicit null exception at 0x000002f0598bfeda to 0x000002f0598bff33
Event: 1210.209 Thread 0x000002f06667e3f0 Exception <a 'java/lang/NoSuchMethodError'{0x00000000d58b8a28}: 'int java.lang.invoke.DirectMethodHandle$Holder.invokeSpecialIFC(java.lang.Object, java.lang.Object, java.lang.Object)'> (0x00000000d58b8a28) 
thrown [s\src\hotspot\share\interpreter\linkResolver.cpp, line 773]
Event: 1210.642 Thread 0x000002f06667e3f0 Exception <a 'java/io/FileNotFoundException'{0x00000000d6605318}> (0x00000000d6605318) 
thrown [s\src\hotspot\share\prims\jni.cpp, line 520]
Event: 1210.642 Thread 0x000002f06667e3f0 Exception <a 'java/io/FileNotFoundException'{0x00000000d6606420}> (0x00000000d6606420) 
thrown [s\src\hotspot\share\prims\jni.cpp, line 520]
Event: 1210.642 Thread 0x000002f06667e3f0 Exception <a 'java/io/FileNotFoundException'{0x00000000d66071a8}> (0x00000000d66071a8) 
thrown [s\src\hotspot\share\prims\jni.cpp, line 520]
Event: 1211.052 Thread 0x000002f06667e3f0 Implicit null exception at 0x000002f05984b8cc to 0x000002f05984ba24
Event: 1211.915 Thread 0x000002f06667e3f0 Exception <a 'java/lang/NoSuchMethodError'{0x00000000d57c44c0}: 'java.lang.Object java.lang.invoke.DirectMethodHandle$Holder.invokeStatic(java.lang.Object, java.lang.Object, int, java.lang.Object, java.lang.Object)'> (0x00000000d57c44c0) 
thrown [s\src\hotspot\share\interpreter\linkResolver.cpp, line 773]
Event: 1213.037 Thread 0x000002f06667e3f0 Implicit null exception at 0x000002f059a4e83f to 0x000002f059a4e8b4
Event: 2292.806 Thread 0x000002f06ef0bce0 Exception <a 'java/lang/IncompatibleClassChangeError'{0x00000000d5f06c38}: Found class java.lang.Object, but interface was expected> (0x00000000d5f06c38) 
thrown [s\src\hotspot\share\interpreter\linkResolver.cpp, line 840]

ZGC Phase Switch (0 events):
No events

VM Operations (20 events):
Event: 3024.597 Executing VM operation: ParallelGCFailedAllocation (Allocation Failure)
Event: 3024.600 Executing VM operation: ParallelGCFailedAllocation (Allocation Failure) done
Event: 3024.685 Executing VM operation: ParallelGCFailedAllocation (Allocation Failure)
Event: 3024.689 Executing VM operation: ParallelGCFailedAllocation (Allocation Failure) done
Event: 3024.763 Executing VM operation: ParallelGCFailedAllocation (Allocation Failure)
Event: 3024.766 Executing VM operation: ParallelGCFailedAllocation (Allocation Failure) done
Event: 3024.858 Executing VM operation: ParallelGCFailedAllocation (Allocation Failure)
Event: 3024.861 Executing VM operation: ParallelGCFailedAllocation (Allocation Failure) done
Event: 3025.868 Executing VM operation: Cleanup
Event: 3025.962 Executing VM operation: Cleanup done
Event: 3025.980 Executing VM operation: ParallelGCFailedAllocation (Allocation Failure)
Event: 3026.990 Executing VM operation: ParallelGCFailedAllocation (Allocation Failure) done
Event: 3027.051 Executing VM operation: ParallelGCFailedAllocation (Allocation Failure)
Event: 3027.052 Executing VM operation: ParallelGCFailedAllocation (Allocation Failure) done
Event: 3027.101 Executing VM operation: ParallelGCFailedAllocation (Allocation Failure)
Event: 3027.103 Executing VM operation: ParallelGCFailedAllocation (Allocation Failure) done
Event: 3027.150 Executing VM operation: ParallelGCFailedAllocation (Allocation Failure)
Event: 3027.152 Executing VM operation: ParallelGCFailedAllocation (Allocation Failure) done
Event: 3028.162 Executing VM operation: Cleanup
Event: 3028.162 Executing VM operation: Cleanup done

Memory protections (0 events):
No events

Nmethod flushes (20 events):
Event: 22.921 Thread 0x000002f064f948b0 flushing  nmethod 0x000002f051f6df10
Event: 22.921 Thread 0x000002f064f948b0 flushing  nmethod 0x000002f051f8e690
Event: 22.921 Thread 0x000002f064f948b0 flushing  nmethod 0x000002f051f91b90
Event: 22.921 Thread 0x000002f064f948b0 flushing  nmethod 0x000002f051f92290
Event: 22.921 Thread 0x000002f064f948b0 flushing  nmethod 0x000002f051f95990
Event: 22.921 Thread 0x000002f064f948b0 flushing  nmethod 0x000002f051fadc90
Event: 22.921 Thread 0x000002f064f948b0 flushing  nmethod 0x000002f051faec90
Event: 22.921 Thread 0x000002f064f948b0 flushing  nmethod 0x000002f051faf710
Event: 22.921 Thread 0x000002f064f948b0 flushing  nmethod 0x000002f051fb2810
Event: 22.921 Thread 0x000002f064f948b0 flushing  nmethod 0x000002f051fb2c10
Event: 22.921 Thread 0x000002f064f948b0 flushing  nmethod 0x000002f051fb2f90
Event: 22.921 Thread 0x000002f064f948b0 flushing  nmethod 0x000002f051fb7410
Event: 22.921 Thread 0x000002f064f948b0 flushing  nmethod 0x000002f051fb7890
Event: 22.921 Thread 0x000002f064f948b0 flushing  nmethod 0x000002f051fb7e10
Event: 22.921 Thread 0x000002f064f948b0 flushing  nmethod 0x000002f051fb8210
Event: 22.921 Thread 0x000002f064f948b0 flushing  nmethod 0x000002f051fb8790
Event: 22.921 Thread 0x000002f064f948b0 flushing  nmethod 0x000002f051fba590
Event: 22.921 Thread 0x000002f064f948b0 flushing  nmethod 0x000002f051fbd410
Event: 22.921 Thread 0x000002f064f948b0 flushing  nmethod 0x000002f051fc3790
Event: 22.921 Thread 0x000002f064f948b0 flushing  nmethod 0x000002f051fc3d90

Events (20 events):
Event: 1219.157 Thread 0x000002f070cccea0 Thread exited: 0x000002f070cccea0
Event: 1219.759 Thread 0x000002f04e5cd4c0 Thread added: 0x000002f06d4dcd70
Event: 1220.166 Thread 0x000002f06d4dcd70 Thread added: 0x000002f06dcda4b0
Event: 1229.391 Thread 0x000002f06dcda4b0 Thread exited: 0x000002f06dcda4b0
Event: 1229.423 Thread 0x000002f06d4dcd70 Thread exited: 0x000002f06d4dcd70
Event: 1270.249 Thread 0x000002f06d6d7ee0 Thread exited: 0x000002f06d6d7ee0
Event: 1282.238 Thread 0x000002f06d6d8570 Thread exited: 0x000002f06d6d8570
Event: 2292.807 Thread 0x000002f06ef0bce0 Thread added: 0x000002f06d6d9290
Event: 2352.825 Thread 0x000002f06d6d9290 Thread exited: 0x000002f06d6d9290
Event: 3020.109 Thread 0x000002f04e5cd4c0 Thread added: 0x000002f06d3dbed0
Event: 3020.124 Thread 0x000002f04e5cd4c0 Thread added: 0x000002f06d3db800
Event: 3020.409 Thread 0x000002f06d3db800 Thread exited: 0x000002f06d3db800
Event: 3020.411 Thread 0x000002f06d3dbed0 Thread exited: 0x000002f06d3dbed0
Event: 3020.837 Thread 0x000002f06667d040 Thread added: 0x000002f06d6db360
Event: 3021.612 Thread 0x000002f04e5cd4c0 Thread added: 0x000002f06d3db800
Event: 3021.629 Thread 0x000002f04e5cd4c0 Thread added: 0x000002f06d3dbed0
Event: 3023.906 Thread 0x000002f06d3dbed0 Thread exited: 0x000002f06d3dbed0
Event: 3023.906 Thread 0x000002f06d3db800 Thread exited: 0x000002f06d3db800
Event: 3023.939 Thread 0x000002f04e5cd4c0 Thread added: 0x000002f06d3db800
Event: 3023.939 Thread 0x000002f04e5cd4c0 Thread added: 0x000002f06d3dbed0


Dynamic libraries:
0x00007ff615250000 - 0x00007ff61525e000 	c:\Users\HUY HOANG\.vscode\extensions\redhat.java-1.46.0-win32-x64\jre\21.0.8-win32-x86_64\bin\java.exe
0x00007ff9b2b80000 - 0x00007ff9b2de8000 	C:\WINDOWS\SYSTEM32\ntdll.dll
0x00007ff9b0aa0000 - 0x00007ff9b0b69000 	C:\WINDOWS\System32\KERNEL32.DLL
0x00007ff9b0260000 - 0x00007ff9b0652000 	C:\WINDOWS\System32\KERNELBASE.dll
0x00007ff9b0110000 - 0x00007ff9b025b000 	C:\WINDOWS\System32\ucrtbase.dll
0x00007ff977160000 - 0x00007ff977178000 	c:\Users\HUY HOANG\.vscode\extensions\redhat.java-1.46.0-win32-x64\jre\21.0.8-win32-x86_64\bin\jli.dll
0x00007ff977200000 - 0x00007ff97721e000 	c:\Users\HUY HOANG\.vscode\extensions\redhat.java-1.46.0-win32-x64\jre\21.0.8-win32-x86_64\bin\VCRUNTIME140.dll
0x00007ff9b1cf0000 - 0x00007ff9b1eb5000 	C:\WINDOWS\System32\USER32.dll
0x00007ff99ea70000 - 0x00007ff99ed03000 	C:\WINDOWS\WinSxS\amd64_microsoft.windows.common-controls_6595b64144ccf1df_6.0.26100.6725_none_3e085828e334708b\COMCTL32.dll
0x00007ff9aff20000 - 0x00007ff9aff47000 	C:\WINDOWS\System32\win32u.dll
0x00007ff9b1b60000 - 0x00007ff9b1c09000 	C:\WINDOWS\System32\msvcrt.dll
0x00007ff9b2130000 - 0x00007ff9b215b000 	C:\WINDOWS\System32\GDI32.dll
0x00007ff9aff50000 - 0x00007ff9b007d000 	C:\WINDOWS\System32\gdi32full.dll
0x00007ff9afdb0000 - 0x00007ff9afe53000 	C:\WINDOWS\System32\msvcp_win.dll
0x00007ff9b1a00000 - 0x00007ff9b1a2f000 	C:\WINDOWS\System32\IMM32.DLL
0x00007ff994db0000 - 0x00007ff994dbc000 	c:\Users\HUY HOANG\.vscode\extensions\redhat.java-1.46.0-win32-x64\jre\21.0.8-win32-x86_64\bin\vcruntime140_1.dll
0x00007ff927120000 - 0x00007ff9271ad000 	c:\Users\HUY HOANG\.vscode\extensions\redhat.java-1.46.0-win32-x64\jre\21.0.8-win32-x86_64\bin\msvcp140.dll
0x00007ff80f790000 - 0x00007ff810527000 	c:\Users\HUY HOANG\.vscode\extensions\redhat.java-1.46.0-win32-x64\jre\21.0.8-win32-x86_64\bin\server\jvm.dll
0x00007ff9b18f0000 - 0x00007ff9b19a4000 	C:\WINDOWS\System32\ADVAPI32.dll
0x00007ff9b09f0000 - 0x00007ff9b0a96000 	C:\WINDOWS\System32\sechost.dll
0x00007ff9b2930000 - 0x00007ff9b2a48000 	C:\WINDOWS\System32\RPCRT4.dll
0x00007ff9b1a40000 - 0x00007ff9b1ab4000 	C:\WINDOWS\System32\WS2_32.dll
0x00007ff9afb90000 - 0x00007ff9afbee000 	C:\WINDOWS\SYSTEM32\POWRPROF.dll
0x00007ff9a9720000 - 0x00007ff9a972b000 	C:\WINDOWS\SYSTEM32\VERSION.dll
0x00007ff9a96e0000 - 0x00007ff9a9715000 	C:\WINDOWS\SYSTEM32\WINMM.dll
0x00007ff9afb50000 - 0x00007ff9afb64000 	C:\WINDOWS\SYSTEM32\UMPDC.dll
0x00007ff9aeae0000 - 0x00007ff9aeafb000 	C:\WINDOWS\SYSTEM32\kernel.appcore.dll
0x00007ff992530000 - 0x00007ff99253a000 	c:\Users\HUY HOANG\.vscode\extensions\redhat.java-1.46.0-win32-x64\jre\21.0.8-win32-x86_64\bin\jimage.dll
0x00007ff9a10f0000 - 0x00007ff9a1332000 	C:\WINDOWS\SYSTEM32\DBGHELP.DLL
0x00007ff9b1300000 - 0x00007ff9b167b000 	C:\WINDOWS\System32\combase.dll
0x00007ff9b1c10000 - 0x00007ff9b1ce7000 	C:\WINDOWS\System32\OLEAUT32.dll
0x00007ff9922d0000 - 0x00007ff99230c000 	C:\WINDOWS\SYSTEM32\dbgcore.DLL
0x00007ff9afd10000 - 0x00007ff9afda8000 	C:\WINDOWS\System32\bcryptPrimitives.dll
0x00007ff9918b0000 - 0x00007ff9918bf000 	c:\Users\HUY HOANG\.vscode\extensions\redhat.java-1.46.0-win32-x64\jre\21.0.8-win32-x86_64\bin\instrument.dll
0x00007ff96f520000 - 0x00007ff96f53f000 	c:\Users\HUY HOANG\.vscode\extensions\redhat.java-1.46.0-win32-x64\jre\21.0.8-win32-x86_64\bin\java.dll
0x00007ff9b2160000 - 0x00007ff9b28ac000 	C:\WINDOWS\System32\SHELL32.dll
0x00007ff9b0660000 - 0x00007ff9b07cb000 	C:\WINDOWS\System32\wintypes.dll
0x00007ff9ad950000 - 0x00007ff9ae1ad000 	C:\WINDOWS\SYSTEM32\windows.storage.dll
0x00007ff9b17f0000 - 0x00007ff9b18e2000 	C:\WINDOWS\System32\SHCORE.dll
0x00007ff9b1680000 - 0x00007ff9b16e2000 	C:\WINDOWS\System32\shlwapi.dll
0x00007ff9afc30000 - 0x00007ff9afc59000 	C:\WINDOWS\SYSTEM32\profapi.dll
0x00007ff968130000 - 0x00007ff968148000 	c:\Users\HUY HOANG\.vscode\extensions\redhat.java-1.46.0-win32-x64\jre\21.0.8-win32-x86_64\bin\zip.dll
0x00007ff98fdd0000 - 0x00007ff98fde0000 	C:\Users\HUY HOANG\.vscode\extensions\redhat.java-1.46.0-win32-x64\jre\21.0.8-win32-x86_64\bin\net.dll
0x00007ff9a6c90000 - 0x00007ff9a6daf000 	C:\WINDOWS\SYSTEM32\WINHTTP.dll
0x00007ff9af050000 - 0x00007ff9af0bb000 	C:\WINDOWS\system32\mswsock.dll
0x00007ff96cae0000 - 0x00007ff96caf6000 	C:\Users\HUY HOANG\.vscode\extensions\redhat.java-1.46.0-win32-x64\jre\21.0.8-win32-x86_64\bin\nio.dll
0x00007ff98ecd0000 - 0x00007ff98ece0000 	c:\Users\HUY HOANG\.vscode\extensions\redhat.java-1.46.0-win32-x64\jre\21.0.8-win32-x86_64\bin\verify.dll
0x00007ff9276a0000 - 0x00007ff9276e4000 	C:\Users\HUY HOANG\AppData\Roaming\Code\User\globalStorage\redhat.java\1.46.0\config_win\org.eclipse.equinox.launcher\org.eclipse.equinox.launcher.win32.win32.x86_64_1.2.1400.v20250801-0854\eclipse_11916.dll
0x00007ff9b0cd0000 - 0x00007ff9b0e68000 	C:\WINDOWS\System32\ole32.dll
0x00007ff9af300000 - 0x00007ff9af31b000 	C:\WINDOWS\SYSTEM32\CRYPTSP.dll
0x00007ff9aea20000 - 0x00007ff9aea5b000 	C:\WINDOWS\system32\rsaenh.dll
0x00007ff9af0f0000 - 0x00007ff9af11b000 	C:\WINDOWS\SYSTEM32\USERENV.dll
0x00007ff9afc00000 - 0x00007ff9afc26000 	C:\WINDOWS\SYSTEM32\bcrypt.dll
0x00007ff9af320000 - 0x00007ff9af32c000 	C:\WINDOWS\SYSTEM32\CRYPTBASE.dll
0x00007ff9ae4b0000 - 0x00007ff9ae4e4000 	C:\WINDOWS\SYSTEM32\IPHLPAPI.DLL
0x00007ff9b1ac0000 - 0x00007ff9b1aca000 	C:\WINDOWS\System32\NSI.dll
0x00007ff923260000 - 0x00007ff9232a9000 	C:\Users\HUY HOANG\AppData\Local\Temp\jna--809218273\jna4720975596559529535.dll
0x00007ff9b09e0000 - 0x00007ff9b09e8000 	C:\WINDOWS\System32\PSAPI.DLL
0x00007ff9a7280000 - 0x00007ff9a729e000 	C:\WINDOWS\SYSTEM32\dhcpcsvc6.DLL
0x00007ff9a6c60000 - 0x00007ff9a6c83000 	C:\WINDOWS\SYSTEM32\dhcpcsvc.DLL

JVMTI agents:
c:\Users\HUY HOANG\.vscode\extensions\redhat.java-1.46.0-win32-x64\lombok\lombok-1.18.39-4050.jar path:c:\Users\HUY HOANG\.vscode\extensions\redhat.java-1.46.0-win32-x64\jre\21.0.8-win32-x86_64\bin\instrument.dll, loaded, initialized, instrumentlib options:none

dbghelp: loaded successfully - version: 4.0.5 - missing functions: none
symbol engine: initialized successfully - sym options: 0x614 - pdb path: .;c:\Users\HUY HOANG\.vscode\extensions\redhat.java-1.46.0-win32-x64\jre\21.0.8-win32-x86_64\bin;C:\WINDOWS\SYSTEM32;C:\WINDOWS\WinSxS\amd64_microsoft.windows.common-controls_6595b64144ccf1df_6.0.26100.6725_none_3e085828e334708b;c:\Users\HUY HOANG\.vscode\extensions\redhat.java-1.46.0-win32-x64\jre\21.0.8-win32-x86_64\bin\server;C:\Users\HUY HOANG\AppData\Roaming\Code\User\globalStorage\redhat.java\1.46.0\config_win\org.eclipse.equinox.launcher\org.eclipse.equinox.launcher.win32.win32.x86_64_1.2.1400.v20250801-0854;C:\Users\HUY HOANG\AppData\Local\Temp\jna--809218273

VM Arguments:
jvm_args: --add-modules=ALL-SYSTEM --add-opens=java.base/java.util=ALL-UNNAMED --add-opens=java.base/java.lang=ALL-UNNAMED --add-opens=java.base/sun.nio.fs=ALL-UNNAMED -Declipse.application=org.eclipse.jdt.ls.core.id1 -Dosgi.bundles.defaultStartLevel=4 -Declipse.product=org.eclipse.jdt.ls.core.product -Djava.import.generatesMetadataFilesAtProjectRoot=false -DDetectVMInstallationsJob.disabled=true -Dfile.encoding=utf8 -XX:+UseParallelGC -XX:GCTimeRatio=4 -XX:AdaptiveSizePolicyWeight=90 -Dsun.zip.disableMemoryMapping=true -Xmx2G -Xms100m -Xlog:disable -javaagent:c:\Users\HUY HOANG\.vscode\extensions\redhat.java-1.46.0-win32-x64\lombok\lombok-1.18.39-4050.jar -XX:+HeapDumpOnOutOfMemoryError -XX:HeapDumpPath=c:\Users\HUY HOANG\AppData\Roaming\Code\User\workspaceStorage\076b530e855f81254993207e694ec5fa\redhat.java -Daether.dependencyCollector.impl=bf 
java_command: c:\Users\HUY HOANG\.vscode\extensions\redhat.java-1.46.0-win32-x64\server\plugins\org.eclipse.equinox.launcher_1.7.0.v20250519-0528.jar -configuration c:\Users\HUY HOANG\AppData\Roaming\Code\User\globalStorage\redhat.java\1.46.0\config_win -data c:\Users\HUY HOANG\AppData\Roaming\Code\User\workspaceStorage\076b530e855f81254993207e694ec5fa\redhat.java\jdt_ws --pipe=\\.\pipe\lsp-d03c340a6fce23532f258d4c05848d36-sock
java_class_path (initial): c:\Users\HUY HOANG\.vscode\extensions\redhat.java-1.46.0-win32-x64\server\plugins\org.eclipse.equinox.launcher_1.7.0.v20250519-0528.jar
Launcher Type: SUN_STANDARD

[Global flags]
    uintx AdaptiveSizePolicyWeight                 = 90                                        {product} {command line}
     intx CICompilerCount                          = 4                                         {product} {ergonomic}
    uintx GCTimeRatio                              = 4                                         {product} {command line}
     bool HeapDumpOnOutOfMemoryError               = true                                   {manageable} {command line}
    ccstr HeapDumpPath                             = c:\Users\HUY HOANG\AppData\Roaming\Code\User\workspaceStorage\076b530e855f81254993207e694ec5fa\redhat.java         {manageable} {command line}
   size_t InitialHeapSize                          = 104857600                                 {product} {command line}
   size_t MaxHeapSize                              = 2147483648                                {product} {command line}
   size_t MaxNewSize                               = 715653120                                 {product} {ergonomic}
   size_t MinHeapDeltaBytes                        = 524288                                    {product} {ergonomic}
   size_t MinHeapSize                              = 104857600                                 {product} {command line}
   size_t NewSize                                  = 34603008                                  {product} {ergonomic}
    uintx NonNMethodCodeHeapSize                   = 5839372                                {pd product} {ergonomic}
    uintx NonProfiledCodeHeapSize                  = 122909434                              {pd product} {ergonomic}
   size_t OldSize                                  = 70254592                                  {product} {ergonomic}
    uintx ProfiledCodeHeapSize                     = 122909434                              {pd product} {ergonomic}
    uintx ReservedCodeCacheSize                    = 251658240                              {pd product} {ergonomic}
     bool SegmentedCodeCache                       = true                                      {product} {ergonomic}
   size_t SoftMaxHeapSize                          = 2147483648                             {manageable} {ergonomic}
     bool UseCompressedOops                        = true                           {product lp64_product} {ergonomic}
     bool UseLargePagesIndividualAllocation        = false                                  {pd product} {ergonomic}
     bool UseParallelGC                            = true                                      {product} {command line}

Logging:
Log output configuration:
 #0: stdout all=off uptime,level,tags foldmultilines=false
 #1: stderr all=off uptime,level,tags foldmultilines=false

Environment Variables:
JAVA_HOME=C:\Program Files\Java\jdk-21
PATH=C:\Program Files\NVIDIA GPU Computing Toolkit\CUDA\v11.8\bin;C:\Program Files\NVIDIA GPU Computing Toolkit\CUDA\v11.8\libnvvp;C:\Program Files\Java\jdk-21\bin;C:\Windows\system32;C:\Windows;C:\Windows\System32\Wbem;C:\Windows\System32\WindowsPowerShell\v1.0\;C:\Windows\System32\OpenSSH\;C:\Program Files (x86)\NVIDIA Corporation\PhysX\Common;C:\MinGW\bin;C:\Program Files\dotnet\;C:\Program Files (x86)\Microsoft SQL Server\160\Tools\Binn\;C:\Program Files\Microsoft SQL Server\160\Tools\Binn\;C:\Program Files\Microsoft SQL Server\Client SDK\ODBC\170\Tools\Binn\;C:\Program Files\Microsoft SQL Server\160\DTS\Binn\;C:\Program Files (x86)\Microsoft SQL Server\160\DTS\Binn\;C:\Program Files\Microsoft SQL Server\150\Tools\Binn\;C:\xampp\php;C:\ProgramData\ComposerSetup\bin;C:\Users\HUY HOANG\AppData\Local\Programs\Python\Python310\Scripts\;C:\Users\HUY HOANG\AppData\Local\Programs\Python\Python310;C:\Users\HUY HOANG\AppData\Local\Programs\Python\Launcher\;C:\Users\HUY HOANG\AppData\Local\Microsoft\WindowsApps;C:\Users\HUY HOANG\AppData\Local\Programs\Microsoft VS Code\bin;C:\Users\HUY HOANG\.dotnet\tools;C:\Program Files\Azure Data Studio\bin;C:\Users\HUY HOANG\AppData\Roaming\npm;C:\Users\HUY HOANG\AppData\Roaming\Composer\vendor\bin;C:\Users\HUY HOANG\AppData\Local\Programs\Python\Python39\;C:\Users\HUY HOANG\AppData\Local\Programs\Python\Python39\Scripts\;C:\spark-3.5.5-bin-hadoop3\bin;C:\winutils-master\winutils-master\hadoop-3.0.0\bin;C:\Program Files\TortoiseSVN\bin;Git\cmd;C:\Program Files (x86)\Bitvise SSH Client;C:\Users\HUY HOANG\AppData\Local\nv;C:\nvm4w\nodejs;D:\Git\cmd;C:\maven\bin;C:\WINDOWS\system32;C:\WINDOWS;C:\WINDOWS\System32\Wbem;C:\WINDOWS\System32\WindowsPowerShell\v1.0\;C:\WINDOWS\System32\OpenSSH\;E:\New folder (3)\VC\Tools\MSVC\14.29.30133\bin\Hostx64\x64;C:\Program Files\Docker\Docker\resources\bin;C:\Program Files\NVIDIA Corporation\NVIDIA App\NvDLISR;C:\poppler-25.07.0\Library\bin;C:\Users\HUY HOANG\AppData\Local\Programs\Python\Python37\Scripts\;C:\Users\HUY HOANG\AppData\Local\Programs\Python\Python37\;C:\Users\HUY HOANG\VITON-HD\viton-env\Scripts;E:\New folder (3)\VC\Tools\MSVC\14.29.30133\bin\Hostx64\x64;E:\New folder (3)\VC\Tools\MSVC\14.29.30133\bin\HostX64\x64;E:\New folder (3)\Common7\IDE\VC\VCPackages;E:\New folder (3)\Common7\IDE\CommonExtensions\Microsoft\TestWindow;E:\New folder (3)\Common7\IDE\CommonExtensions\Microsoft\TeamFoundation\Team Explorer;E:\New folder (3)\MSBuild\Current\bin\Roslyn;C:\Program Files (x86)\Microsoft SDKs\Windows\v10.0A\bin\NETFX 4.8 Tools\x64\;E:\New folder (3)\Common7\Tools\devinit;C:\Program Files (x86)\Windows Kits\10\bin\10.0.19041.0\x64;C:\Program Files (x86)\Windows Kits\10\bin\x64;E:\New folder (3)\\MSBuild\Current\Bin;C:\Windows\Microsoft.NET\Framework64\v4.0.30319;E:\New folder (3)\Common7\IDE\;E:\New folder (3)\Common7\Tools\;C:\Program Files\NVIDIA GPU Computing Toolkit\CUDA\v11.8\bin;C:\Program Files\NVIDIA GPU Computing Toolkit\CUDA\v11.8\libnvvp;C:\Program Files\Java\jdk-21\bin;C:\Windows\system32;C:\Windows;C:\Windows\System32\Wbem;C:\Windows\System32\Wind;C:\Users\HUY HOANG\AppData\Local\Programs\Microsoft VS Code\bin;C:\Users\HUY HOANG\AppData\Local\Programs\cursor\resources\app\bin
USERNAME=HUY HOANG
OS=Windows_NT
PROCESSOR_IDENTIFIER=AMD64 Family 23 Model 104 Stepping 1, AuthenticAMD
TMP=C:\Users\HUYHOA~1\AppData\Local\Temp
TEMP=C:\Users\HUYHOA~1\AppData\Local\Temp




Periodic native trim disabled

---------------  S Y S T E M  ---------------

OS:
 Windows 11 , 64 bit Build 26100 (10.0.26100.6725)
OS uptime: 15 days 21:09 hours
Hyper-V role detected

CPU: total 12 (initial active 12) (12 cores per cpu, 2 threads per core) family 23 model 104 stepping 1 microcode 0x8608103, cx8, cmov, fxsr, ht, mmx, 3dnowpref, sse, sse2, sse3, ssse3, sse4a, sse4.1, sse4.2, popcnt, lzcnt, tsc, tscinvbit, avx, avx2, aes, clmul, bmi1, bmi2, adx, sha, fma, vzeroupper, clflush, clflushopt, hv, rdtscp, rdpid, f16c
Processor Information for the first 12 processors :
  Max Mhz: 2100, Current Mhz: 1988, Mhz Limit: 2100

Memory: 4k page, system-wide physical 15706M (1667M free)
TotalPageFile size 32090M (AvailPageFile size 0M)
current process WorkingSet (physical memory assigned to process): 309M, peak: 418M
current process commit charge ("private bytes"): 471M, peak: 498M

vm_info: OpenJDK 64-Bit Server VM (21.0.8+9-LTS) for windows-amd64 JRE (21.0.8+9-LTS), built on 2025-07-15T00:00:00Z by "admin" with MS VC++ 17.7 (VS2022)

END.
